app/build/intermediates/manifest_merge_blame_file/debug/processDebugMainManifest/manifest-merger-blame-debug-report.txt
1<?xml version="1.0" encoding="utf-8"?>
2<manifest xmlns:android="http://schemas.android.com/apk/res/android"
3    package="com.example.facebook"
4    android:versionCode="1"
5    android:versionName="1.0" >
6
7    <uses-sdk
8        android:minSdkVersion="24"
9        android:targetSdkVersion="36" />
10
11    <uses-permission android:name="android.permission.INTERNET" />
11-->src\main\AndroidManifest.xml:4:5-67
11-->src\main\AndroidManifest.xml:4:22-64
12
13    <permission
13-->[androidx.core:core:1.17.0] AndroidManifest.xml:22:5-24:47
14        android:name="com.example.facebook.DYNAMIC_RECEIVER_NOT_EXPORTED_PERMISSION"
14-->[androidx.core:core:1.17.0] AndroidManifest.xml:23:9-81
15        android:protectionLevel="signature" />
15-->[androidx.core:core:1.17.0] AndroidManifest.xml:24:9-44
16
17    <uses-permission android:name="com.example.facebook.DYNAMIC_RECEIVER_NOT_EXPORTED_PERMISSION" />
17-->[androidx.core:core:1.17.0] AndroidManifest.xml:26:5-97
17-->[androidx.core:core:1.17.0] AndroidManifest.xml:26:22-94
18
19    <application
19-->src\main\AndroidManifest.xml:7:5-54:19
20        android:allowBackup="true"
20-->src\main\AndroidManifest.xml:8:9-35
21        android:appComponentFactory="androidx.core.app.CoreComponentFactory"
21-->[androidx.core:core:1.17.0] AndroidManifest.xml:28:18-86
22        android:dataExtractionRules="@xml/data_extraction_rules"
22-->src\main\AndroidManifest.xml:9:9-65
23        android:debuggable="true"
24        android:extractNativeLibs="false"
25        android:fullBackupContent="@xml/backup_rules"
25-->src\main\AndroidManifest.xml:10:9-54
26        android:icon="@drawable/facebook"
26-->src\main\AndroidManifest.xml:11:9-42
27        android:label="@string/app_name"
27-->src\main\AndroidManifest.xml:12:9-41
28        android:roundIcon="@drawable/facebook"
28-->src\main\AndroidManifest.xml:13:9-47
29        android:supportsRtl="true"
29-->src\main\AndroidManifest.xml:14:9-35
30        android:testOnly="true"
31        android:theme="@style/Theme.Facebook" >
31-->src\main\AndroidManifest.xml:15:9-46
32        <activity
32-->src\main\AndroidManifest.xml:16:9-24:20
33            android:name="com.example.facebook.MainActivity"
33-->src\main\AndroidManifest.xml:17:13-41
34            android:exported="true" >
34-->src\main\AndroidManifest.xml:18:13-36
35            <intent-filter>
35-->src\main\AndroidManifest.xml:19:13-23:29
36                <action android:name="android.intent.action.MAIN" />
36-->src\main\AndroidManifest.xml:20:17-69
36-->src\main\AndroidManifest.xml:20:25-66
37
38                <category android:name="android.intent.category.LAUNCHER" />
38-->src\main\AndroidManifest.xml:22:17-77
38-->src\main\AndroidManifest.xml:22:27-74
39            </intent-filter>
40        </activity>
41        <activity
41-->src\main\AndroidManifest.xml:26:9-79
42            android:name="com.example.facebook.RegisterActivity"
42-->src\main\AndroidManifest.xml:26:19-51
43            android:exported="false" />
43-->src\main\AndroidManifest.xml:26:52-76
44        <activity
44-->src\main\AndroidManifest.xml:27:9-85
45            android:name="com.example.facebook.ForgotPasswordActivity"
45-->src\main\AndroidManifest.xml:27:19-57
46            android:exported="false" />
46-->src\main\AndroidManifest.xml:27:58-82
47        <activity
47-->src\main\AndroidManifest.xml:28:9-84
48            android:name="com.example.facebook.ResetPasswordActivity"
48-->src\main\AndroidManifest.xml:28:19-56
49            android:exported="false" />
49-->src\main\AndroidManifest.xml:28:57-81
50        <activity
50-->src\main\AndroidManifest.xml:29:9-75
51            android:name="com.example.facebook.HomeActivity"
51-->src\main\AndroidManifest.xml:29:19-47
52            android:exported="false" />
52-->src\main\AndroidManifest.xml:29:48-72
53        <activity
53-->src\main\AndroidManifest.xml:30:9-84
54            android:name="com.example.facebook.NotificationsActivity"
54-->src\main\AndroidManifest.xml:30:19-56
55            android:exported="false" />
55-->src\main\AndroidManifest.xml:30:57-81
56        <activity
56-->src\main\AndroidManifest.xml:31:9-78
57            android:name="com.example.facebook.FriendsActivity"
57-->src\main\AndroidManifest.xml:31:19-50
58            android:exported="false" />
58-->src\main\AndroidManifest.xml:31:51-75
59        <activity
59-->src\main\AndroidManifest.xml:32:9-76
60            android:name="com.example.facebook.VideoActivity"
60-->src\main\AndroidManifest.xml:32:19-48
61            android:exported="false" />
61-->src\main\AndroidManifest.xml:32:49-73
62        <activity
62-->src\main\AndroidManifest.xml:33:9-75
63            android:name="com.example.facebook.MenuActivity"
63-->src\main\AndroidManifest.xml:33:19-47
64            android:exported="false" />
64-->src\main\AndroidManifest.xml:33:48-72
65        <activity
65-->src\main\AndroidManifest.xml:34:9-77
66            android:name="com.example.facebook.SearchActivity"
66-->src\main\AndroidManifest.xml:34:19-49
67            android:exported="false" />
67-->src\main\AndroidManifest.xml:34:50-74
68        <activity
68-->src\main\AndroidManifest.xml:35:9-79
69            android:name="com.example.facebook.SettingsActivity"
69-->src\main\AndroidManifest.xml:35:19-51
70            android:exported="false" />
70-->src\main\AndroidManifest.xml:35:52-76
71        <activity
71-->src\main\AndroidManifest.xml:36:9-81
72            android:name="com.example.facebook.SavedPostsActivity"
72-->src\main\AndroidManifest.xml:36:19-53
73            android:exported="false" />
73-->src\main\AndroidManifest.xml:36:54-78
74        <activity
74-->src\main\AndroidManifest.xml:37:9-78
75            android:name="com.example.facebook.PrivacyActivity"
75-->src\main\AndroidManifest.xml:37:19-50
76            android:exported="false" />
76-->src\main\AndroidManifest.xml:37:51-75
77        <activity
77-->src\main\AndroidManifest.xml:38:9-81
78            android:name="com.example.facebook.MessengersActivity"
78-->src\main\AndroidManifest.xml:38:19-53
79            android:exported="false" />
79-->src\main\AndroidManifest.xml:38:54-78
80        <activity
80-->src\main\AndroidManifest.xml:39:9-78
81            android:name="com.example.facebook.ProfileActivity"
81-->src\main\AndroidManifest.xml:39:19-50
82            android:exported="false" />
82-->src\main\AndroidManifest.xml:39:51-75
83        <activity
83-->src\main\AndroidManifest.xml:40:9-75
84            android:name="com.example.facebook.HelpActivity"
84-->src\main\AndroidManifest.xml:40:19-47
85            android:exported="false" />
85-->src\main\AndroidManifest.xml:40:48-72
86        <activity
86-->src\main\AndroidManifest.xml:41:9-82
87            android:name="com.example.facebook.CreateStoryActivity"
87-->src\main\AndroidManifest.xml:41:19-54
88            android:exported="false" />
88-->src\main\AndroidManifest.xml:41:55-79
89        <activity
89-->src\main\AndroidManifest.xml:42:9-81
90            android:name="com.example.facebook.CreatePostActivity"
90-->src\main\AndroidManifest.xml:42:19-53
91            android:exported="false" />
91-->src\main\AndroidManifest.xml:42:54-78
92        <activity
92-->src\main\AndroidManifest.xml:43:9-81
93            android:name="com.example.facebook.CreateNoteActivity"
93-->src\main\AndroidManifest.xml:43:19-53
94            android:exported="false" />
94-->src\main\AndroidManifest.xml:43:54-78
95        <activity
95-->src\main\AndroidManifest.xml:44:9-81
96            android:name="com.example.facebook.CreateFilmActivity"
96-->src\main\AndroidManifest.xml:44:19-53
97            android:exported="false" />
97-->src\main\AndroidManifest.xml:44:54-78
98        <activity
98-->src\main\AndroidManifest.xml:45:9-47:66
99            android:name="com.example.facebook.StoryActivity"
99-->src\main\AndroidManifest.xml:46:13-42
100            android:theme="@style/Theme.AppCompat.NoActionBar" />
100-->src\main\AndroidManifest.xml:47:13-63
101        <activity
101-->src\main\AndroidManifest.xml:48:9-77
102            android:name="com.example.facebook.GeminiActivity"
102-->src\main\AndroidManifest.xml:48:19-49
103            android:exported="false" />
103-->src\main\AndroidManifest.xml:48:50-74
104        <activity
104-->src\main\AndroidManifest.xml:49:9-81
105            android:name="com.example.facebook.LiveStreamActivity"
105-->src\main\AndroidManifest.xml:49:19-53
106            android:exported="false" />
106-->src\main\AndroidManifest.xml:49:55-79
107        <activity
107-->src\main\AndroidManifest.xml:50:9-78
108            android:name="com.example.facebook.CommentActivity"
108-->src\main\AndroidManifest.xml:50:19-50
109            android:exported="false" />
109-->src\main\AndroidManifest.xml:50:52-76
110        <activity
110-->src\main\AndroidManifest.xml:51:9-82
111            android:name="com.example.facebook.StoryDetailActivity"
111-->src\main\AndroidManifest.xml:51:19-54
112            android:exported="false" />
112-->src\main\AndroidManifest.xml:51:56-80
113
114        <provider
114-->[androidx.emoji2:emoji2:1.3.0] AndroidManifest.xml:24:9-32:20
115            android:name="androidx.startup.InitializationProvider"
115-->[androidx.emoji2:emoji2:1.3.0] AndroidManifest.xml:25:13-67
116            android:authorities="com.example.facebook.androidx-startup"
116-->[androidx.emoji2:emoji2:1.3.0] AndroidManifest.xml:26:13-68
117            android:exported="false" >
117-->[androidx.emoji2:emoji2:1.3.0] AndroidManifest.xml:27:13-37
118            <meta-data
118-->[androidx.emoji2:emoji2:1.3.0] AndroidManifest.xml:29:13-31:52
119                android:name="androidx.emoji2.text.EmojiCompatInitializer"
119-->[androidx.emoji2:emoji2:1.3.0] AndroidManifest.xml:30:17-75
120                android:value="androidx.startup" />
120-->[androidx.emoji2:emoji2:1.3.0] AndroidManifest.xml:31:17-49
121            <meta-data
121-->[androidx.lifecycle:lifecycle-process:2.6.2] AndroidManifest.xml:29:13-31:52
122                android:name="androidx.lifecycle.ProcessLifecycleInitializer"
122-->[androidx.lifecycle:lifecycle-process:2.6.2] AndroidManifest.xml:30:17-78
123                android:value="androidx.startup" />
123-->[androidx.lifecycle:lifecycle-process:2.6.2] AndroidManifest.xml:31:17-49
124            <meta-data
124-->[androidx.profileinstaller:profileinstaller:1.4.0] AndroidManifest.xml:29:13-31:52
125                android:name="androidx.profileinstaller.ProfileInstallerInitializer"
125-->[androidx.profileinstaller:profileinstaller:1.4.0] AndroidManifest.xml:30:17-85
126                android:value="androidx.startup" />
126-->[androidx.profileinstaller:profileinstaller:1.4.0] AndroidManifest.xml:31:17-49
127        </provider>
128
129        <receiver
129-->[androidx.profileinstaller:profileinstaller:1.4.0] AndroidManifest.xml:34:9-52:20
130            android:name="androidx.profileinstaller.ProfileInstallReceiver"
130-->[androidx.profileinstaller:profileinstaller:1.4.0] AndroidManifest.xml:35:13-76
131            android:directBootAware="false"
131-->[androidx.profileinstaller:profileinstaller:1.4.0] AndroidManifest.xml:36:13-44
132            android:enabled="true"
132-->[androidx.profileinstaller:profileinstaller:1.4.0] AndroidManifest.xml:37:13-35
133            android:exported="true"
133-->[androidx.profileinstaller:profileinstaller:1.4.0] AndroidManifest.xml:38:13-36
134            android:permission="android.permission.DUMP" >
134-->[androidx.profileinstaller:profileinstaller:1.4.0] AndroidManifest.xml:39:13-57
135            <intent-filter>
135-->[androidx.profileinstaller:profileinstaller:1.4.0] AndroidManifest.xml:40:13-42:29
136                <action android:name="androidx.profileinstaller.action.INSTALL_PROFILE" />
136-->[androidx.profileinstaller:profileinstaller:1.4.0] AndroidManifest.xml:41:17-91
136-->[androidx.profileinstaller:profileinstaller:1.4.0] AndroidManifest.xml:41:25-88
137            </intent-filter>
138            <intent-filter>
138-->[androidx.profileinstaller:profileinstaller:1.4.0] AndroidManifest.xml:43:13-45:29
139                <action android:name="androidx.profileinstaller.action.SKIP_FILE" />
139-->[androidx.profileinstaller:profileinstaller:1.4.0] AndroidManifest.xml:44:17-85
139-->[androidx.profileinstaller:profileinstaller:1.4.0] AndroidManifest.xml:44:25-82
140            </intent-filter>
141            <intent-filter>
141-->[androidx.profileinstaller:profileinstaller:1.4.0] AndroidManifest.xml:46:13-48:29
142                <action android:name="androidx.profileinstaller.action.SAVE_PROFILE" />
142-->[androidx.profileinstaller:profileinstaller:1.4.0] AndroidManifest.xml:47:17-88
142-->[androidx.profileinstaller:profileinstaller:1.4.0] AndroidManifest.xml:47:25-85
143            </intent-filter>
144            <intent-filter>
144-->[androidx.profileinstaller:profileinstaller:1.4.0] AndroidManifest.xml:49:13-51:29
145                <action android:name="androidx.profileinstaller.action.BENCHMARK_OPERATION" />
145-->[androidx.profileinstaller:profileinstaller:1.4.0] AndroidManifest.xml:50:17-95
145-->[androidx.profileinstaller:profileinstaller:1.4.0] AndroidManifest.xml:50:25-92
146            </intent-filter>
147        </receiver>
148    </application>
149
150</manifest>